<?xml version="1.0" encoding="UTF-8"?>
<!-- Generated by org.testng.reporters.JUnitXMLReporter -->
<testsuite ignored="0" hostname="MukeshSingh" failures="0" tests="1" name="Test-Runner-Edge" time="4.965" errors="0" timestamp="2025-06-19T17:39:54 IST">
  <testcase classname="inventoryTests.AddLowestPriceProtuctToCartUsingBaseClassTest" name="tc_003_addLowestPriceProductToCart" time="0.331"/>
</testsuite> <!-- Test-Runner-Edge -->
