<?xml version="1.0" encoding="UTF-8"?>
<!-- Generated by org.testng.reporters.JUnitXMLReporter -->
<testsuite ignored="0" hostname="MukeshSingh" failures="0" tests="1" name="Test-Runner-2" time="4.613" errors="0" timestamp="2025-06-19T17:45:03 IST">
  <testcase classname="inventoryTests.AddLowestPriceProtuctToCartUsingBaseClassTest" name="tc_003_addLowestPriceProductToCart" time="1.092"/>
</testsuite> <!-- Test-Runner-2 -->
