<?xml version="1.0" encoding="UTF-8"?>
<!-- Generated by org.testng.reporters.JUnitXMLReporter -->
<testsuite ignored="0" hostname="MukeshSingh" failures="0" tests="1" name="Test-Runner-1" time="5.058" errors="0" timestamp="2025-06-19T17:45:03 IST">
  <testcase classname="inventoryTests.AddProductToCartUsingBaseClassTest" name="tc_001_addProductToCart" time="0.242"/>
</testsuite> <!-- Test-Runner-1 -->
