<?xml version="1.0" encoding="UTF-8"?>
<!-- Generated by org.testng.reporters.JUnitReportReporter -->
<testsuite hostname="MukeshSingh" failures="0" tests="1" name="inventoryTests.AddLowestPriceProtuctToCartTest" time="3.602" errors="0" timestamp="2025-06-21T22:47:22 IST" skipped="0">
  <testcase classname="inventoryTests.AddLowestPriceProtuctToCartTest" name="tc_003_addLowestPriceProductToCart" time="3.602"/>
</testsuite> <!-- inventoryTests.AddLowestPriceProtuctToCartTest -->
