<?xml version="1.0" encoding="UTF-8"?>
<!-- Generated by org.testng.reporters.JUnitReportReporter -->
<testsuite hostname="MukeshSingh" failures="0" tests="1" name="inventoryTests.AddLowestPriceProtuctToCartTest" time="3.947" errors="0" timestamp="2025-06-19T22:19:53 IST" skipped="0">
  <testcase classname="inventoryTests.AddLowestPriceProtuctToCartTest" name="tc_003_addLowestPriceProductToCart" time="3.947"/>
</testsuite> <!-- inventoryTests.AddLowestPriceProtuctToCartTest -->
