<?xml version="1.0" encoding="UTF-8"?>
<!-- Generated by org.testng.reporters.JUnitReportReporter -->
<testsuite hostname="MukeshSingh" failures="0" tests="1" name="inventoryTests.AddLowestPriceProtuctToCartUsingBaseClassTest" time="1.606" errors="0" timestamp="2025-06-19T17:45:03 IST" skipped="0">
  <testcase classname="inventoryTests.AddLowestPriceProtuctToCartUsingBaseClassTest" name="tc_003_addLowestPriceProductToCart" time="1.606"/>
</testsuite> <!-- inventoryTests.AddLowestPriceProtuctToCartUsingBaseClassTest -->
