<?xml version="1.0" encoding="UTF-8"?>
<!-- Generated by org.testng.reporters.JUnitReportReporter -->
<testsuite hostname="MukeshSingh" failures="0" tests="1" name="practice.TestNGPractice" time="0.000" errors="0" timestamp="2025-06-19T13:36:47 IST" skipped="0">
  <testcase classname="practice.TestNGPractice" name="sample" time="0.000"/>
</testsuite> <!-- practice.TestNGPractice -->
