<?xml version="1.0" encoding="UTF-8"?>
<!-- Generated by org.testng.reporters.JUnitReportReporter -->
<testsuite hostname="MukeshSingh" failures="0" tests="2" name="inventoryTests.AddLowestPriceProtuctToCartUsingBaseClassTest" time="3.380" errors="0" timestamp="2025-06-21T22:29:34 IST" skipped="0">
  <testcase classname="inventoryTests.AddLowestPriceProtuctToCartUsingBaseClassTest" name="tc_003_addLowestPriceProductToCart" time="2.463"/>
  <testcase classname="inventoryTests.AddLowestPriceProtuctToCartUsingBaseClassTest" name="sample" time="0.917"/>
</testsuite> <!-- inventoryTests.AddLowestPriceProtuctToCartUsingBaseClassTest -->
