<?xml version="1.0" encoding="UTF-8"?>
<!-- Generated by org.testng.reporters.JUnitReportReporter -->
<testsuite hostname="MukeshSingh" failures="0" tests="1" name="inventoryTests.AddProductToCartTest" time="6.921" errors="0" timestamp="2025-06-21T16:04:14 IST" skipped="0">
  <testcase classname="inventoryTests.AddProductToCartTest" name="tc_001_addProductToCart" time="6.921"/>
</testsuite> <!-- inventoryTests.AddProductToCartTest -->
